[INFO]    Initialized logging in resultados\pabot_results
[INFO]    Robot Framework remote server at 127.0.0.1:8270 started.
[DEBUG]   Storing .pabotsuitenames file
[DEBUG]   2026-07-04 14:59:08.007921 [PID:28684] [0] [ID:0] EXECUTING Suites.Api.06 Api Tests
[DEBUG]   2026-07-04 14:59:08.007921 [PID:20344] [1] [ID:1] EXECUTING Suites.Ui.04 Login
[INFO]    2026-07-04 14:59:12.149026 [PID:28684] [0] [ID:0] PASSED Suites.Api.06 Api Tests in 4.2 seconds
[DEBUG]   2026-07-04 14:59:12.169397 [PID:37300] [0] [ID:2] EXECUTING Suites.Ui.05 Login Ddt
[DEBUG]   2026-07-04 14:59:13.035327 [PID:20344] [1] [ID:1] still running Suites.Ui.04 Login after 5.0s
[DEBUG]   2026-07-04 14:59:17.266012 [PID:37300] [0] [ID:2] still running Suites.Ui.05 Login Ddt after 5.0s
[DEBUG]   2026-07-04 14:59:23.204192 [PID:20344] [1] [ID:1] still running Suites.Ui.04 Login after 15.0s
[DEBUG]   2026-07-04 14:59:27.392247 [PID:37300] [0] [ID:2] still running Suites.Ui.05 Login Ddt after 15.0s
[INFO]    2026-07-04 14:59:29.806032 [PID:20344] [1] [ID:1] PASSED Suites.Ui.04 Login in 21.8 seconds
[INFO]    2026-07-04 14:59:39.904503 [PID:37300] [0] [ID:2] Execution failed in Suites.Ui.05 Login Ddt with 1 failing test(s)
==============================================================================
Suites
==============================================================================
Suites.Ui
==============================================================================
Suites.Ui.05 Login Ddt
==============================================================================
Usuario estandar                                                      | PASS |
------------------------------------------------------------------------------
Usuario bloqueado                                                     | PASS |
------------------------------------------------------------------------------
Clave incorrecta                                                      | FAIL |
Element 'css:h3[data-test='error']' not visible after 10 seconds.
------------------------------------------------------------------------------
Usuario vacio                                                         | PASS |
------------------------------------------------------------------------------
Agregar Producto Al Carrito                                           | PASS |
------------------------------------------------------------------------------
Suites.Ui.05 Login Ddt                                                | FAIL |
5 tests, 4 passed, 1 failed
==============================================================================
Suites.Ui                                                             | FAIL |
5 tests, 4 passed, 1 failed
==============================================================================
Suites                                                                | FAIL |
5 tests, 4 passed, 1 failed
==============================================================================
Output:  C:\Users\nohel\robotframework-labs\resultados\pabot_results\2\output.xml
[INFO]    10 tests, 9 passed, 1 failed, 0 skipped.
[INFO]    ===================================================
[INFO]    Output:  C:\Users\nohel\robotframework-labs\resultados\output.xml
[INFO]    Log:     C:\Users\nohel\robotframework-labs\resultados\log.html
[INFO]    Report:  C:\Users\nohel\robotframework-labs\resultados\report.html
[DEBUG]   Finalizing Pabot execution...
[DEBUG]   Stopping PabotLib process
[INFO]    Robot Framework remote server at 127.0.0.1:8270 stopped.
[DEBUG]   PabotLib process stopped
[INFO]    Total testing: 53.70 seconds
[INFO]    Elapsed time:  34.23 seconds
[DEBUG]   Logs flushed successfully.
