2026-07-04 14:59:08.390852 ==============================================================================
2026-07-04 14:59:08.393860 Suites
2026-07-04 14:59:08.393860 ==============================================================================
2026-07-04 14:59:08.393860 Suites.Ui
2026-07-04 14:59:08.394858 ==============================================================================
2026-07-04 14:59:08.641875 Suites.Ui.04 Login
2026-07-04 14:59:08.685978 ==============================================================================
2026-07-04 14:59:22.955126 Login Exitoso Con Usuario Valido                                      | PASS |
2026-07-04 14:59:22.988889 ------------------------------------------------------------------------------
2026-07-04 14:59:29.217202 Login Fallido Con Usuario Bloqueado                                   | PASS |
2026-07-04 14:59:29.264330 ------------------------------------------------------------------------------
2026-07-04 14:59:29.264330 Suites.Ui.04 Login                                                    | PASS |
2026-07-04 14:59:29.267330 2 tests, 2 passed, 0 failed
2026-07-04 14:59:29.267330 ==============================================================================
2026-07-04 14:59:29.267330 Suites.Ui                                                             | PASS |
2026-07-04 14:59:29.268842 2 tests, 2 passed, 0 failed
2026-07-04 14:59:29.269857 ==============================================================================
2026-07-04 14:59:29.269857 Suites                                                                | PASS |
2026-07-04 14:59:29.271868 2 tests, 2 passed, 0 failed
2026-07-04 14:59:29.271868 ==============================================================================
2026-07-04 14:59:29.272876 Output:  C:\Users\nohel\robotframework-labs\resultados\pabot_results\1\output.xml
