2026-07-04 14:59:12.791727 ==============================================================================
2026-07-04 14:59:12.822738 Suites
2026-07-04 14:59:12.822738 ==============================================================================
2026-07-04 14:59:12.822738 Suites.Ui
2026-07-04 14:59:12.823740 ==============================================================================
2026-07-04 14:59:13.072866 Suites.Ui.05 Login Ddt
2026-07-04 14:59:13.092982 ==============================================================================
2026-07-04 14:59:18.384516 Usuario estandar                                                      | PASS |
2026-07-04 14:59:18.422366 ------------------------------------------------------------------------------
2026-07-04 14:59:18.884486 Usuario bloqueado                                                     | PASS |
2026-07-04 14:59:18.935109 ------------------------------------------------------------------------------
2026-07-04 14:59:29.824163 Clave incorrecta                                                      | FAIL |
2026-07-04 14:59:29.849166 Element 'css:h3[data-test='error']' not visible after 10 seconds.
2026-07-04 14:59:29.849166 ------------------------------------------------------------------------------
2026-07-04 14:59:30.786844 Usuario vacio                                                         | PASS |
2026-07-04 14:59:30.842516 ------------------------------------------------------------------------------
2026-07-04 14:59:37.060995 Agregar Producto Al Carrito                                           | PASS |
2026-07-04 14:59:37.082106 ------------------------------------------------------------------------------
2026-07-04 14:59:39.484538 Suites.Ui.05 Login Ddt                                                | FAIL |
2026-07-04 14:59:39.534118 5 tests, 4 passed, 1 failed
2026-07-04 14:59:39.534118 ==============================================================================
2026-07-04 14:59:39.534118 Suites.Ui                                                             | FAIL |
2026-07-04 14:59:39.535116 5 tests, 4 passed, 1 failed
2026-07-04 14:59:39.535116 ==============================================================================
2026-07-04 14:59:39.535116 Suites                                                                | FAIL |
2026-07-04 14:59:39.537446 5 tests, 4 passed, 1 failed
2026-07-04 14:59:39.537446 ==============================================================================
2026-07-04 14:59:39.537446 Output:  C:\Users\nohel\robotframework-labs\resultados\pabot_results\2\output.xml
