==============================================================================
Suites
==============================================================================
Suites.Ui
==============================================================================
Suites.Ui.05 Login Ddt
==============================================================================
Usuario estandar                                                      | PASS |
------------------------------------------------------------------------------
Usuario bloqueado                                                     | PASS |
------------------------------------------------------------------------------
Clave incorrecta                                                      | FAIL |
Element 'css:h3[data-test='error']' not visible after 10 seconds.
------------------------------------------------------------------------------
Usuario vacio                                                         | PASS |
------------------------------------------------------------------------------
Agregar Producto Al Carrito                                           | PASS |
------------------------------------------------------------------------------
Suites.Ui.05 Login Ddt                                                | FAIL |
5 tests, 4 passed, 1 failed
==============================================================================
Suites.Ui                                                             | FAIL |
5 tests, 4 passed, 1 failed
==============================================================================
Suites                                                                | FAIL |
5 tests, 4 passed, 1 failed
==============================================================================
Output:  C:\Users\nohel\robotframework-labs\resultados\pabot_results\2\output.xml
