2026-07-04 14:59:08.326727 ==============================================================================
2026-07-04 14:59:08.386851 Suites
2026-07-04 14:59:08.386851 ==============================================================================
2026-07-04 14:59:08.386851 Suites.Api
2026-07-04 14:59:08.387851 ==============================================================================
2026-07-04 14:59:08.515524 Suites.Api.06 Api Tests
2026-07-04 14:59:08.571540 ==============================================================================
2026-07-04 14:59:09.210377 Obtener Lista De Usuarios                                             | PASS |
2026-07-04 14:59:09.210377 C:\Users\nohel\robotframework-labs\venv\Lib\site-packages\urllib3\connectionpool.py:1110: InsecureRequestWarning: Unverified HTTPS request is being made to host 'reqres.in'. Adding certificate verification is strongly advised. See: https://urllib3.readthedocs.io/en/latest/advanced-usage.html#tls-warnings
2026-07-04 14:59:09.230926 ------------------------------------------------------------------------------
2026-07-04 14:59:09.230926   warnings.warn(
2026-07-04 14:59:09.672225 Crear Nuevo Usuario                                                   | PASS |
2026-07-04 14:59:09.672225 C:\Users\nohel\robotframework-labs\venv\Lib\site-packages\urllib3\connectionpool.py:1110: InsecureRequestWarning: Unverified HTTPS request is being made to host 'reqres.in'. Adding certificate verification is strongly advised. See: https://urllib3.readthedocs.io/en/latest/advanced-usage.html#tls-warnings
2026-07-04 14:59:09.725337 ------------------------------------------------------------------------------
2026-07-04 14:59:09.725337   warnings.warn(
2026-07-04 14:59:11.809922 Obtener Usuario Inexistente                                           | PASS |
2026-07-04 14:59:11.809922 C:\Users\nohel\robotframework-labs\venv\Lib\site-packages\urllib3\connectionpool.py:1110: InsecureRequestWarning: Unverified HTTPS request is being made to host 'reqres.in'. Adding certificate verification is strongly advised. See: https://urllib3.readthedocs.io/en/latest/advanced-usage.html#tls-warnings
2026-07-04 14:59:11.855985 ------------------------------------------------------------------------------
2026-07-04 14:59:11.855985   warnings.warn(
2026-07-04 14:59:11.855985 Suites.Api.06 Api Tests                                               | PASS |
2026-07-04 14:59:11.858979 3 tests, 3 passed, 0 failed
2026-07-04 14:59:11.858979 ==============================================================================
2026-07-04 14:59:11.858979 Suites.Api                                                            | PASS |
2026-07-04 14:59:11.859982 3 tests, 3 passed, 0 failed
2026-07-04 14:59:11.859982 ==============================================================================
2026-07-04 14:59:11.859982 Suites                                                                | PASS |
2026-07-04 14:59:11.861982 3 tests, 3 passed, 0 failed
2026-07-04 14:59:11.861982 ==============================================================================
2026-07-04 14:59:11.861982 Output:  C:\Users\nohel\robotframework-labs\resultados\pabot_results\0\output.xml
